<?xml version="1.0" encoding="UTF-8"?>
<!-- Generated by org.testng.reporters.JUnitReportReporter -->
<testsuite hostname="LAPTOP-0062FF7B" failures="0" tests="1" name="scripts.TestCase1" time="11.219" errors="0" timestamp="2022-09-10T18:29:35 IST" skipped="0">
  <testcase classname="scripts.TestCase1" name="tc1" time="11.219"/>
  <system-out/>
</testsuite> <!-- scripts.TestCase1 -->
